# JRE version: Java(TM) SE Runtime Environment (14.0+36) (build 14+36-1461)
# Java VM: Java HotSpot(TM) 64-Bit Server VM (14+36-1461, mixed mode, sharing, tiered, compressed oops, g1 gc, windows-amd64)
Heap:
 garbage-first heap   total 70656K, used 43352K [0x0000000091800000, 0x0000000100000000)
  region size 1024K, 15 young (15360K), 4 survivors (4096K)
 Metaspace       used 58245K, capacity 59554K, committed 59696K, reserved 1101824K
  class space    used 7754K, capacity 8279K, committed 8320K, reserved 1048576K
GC Heap History (20 events):
Event: 3.934 GC heap before
{Heap before GC invocations=13 (full 0):
 garbage-first heap   total 58368K, used 45169K [0x0000000091800000, 0x0000000100000000)
  region size 1024K, 24 young (24576K), 1 survivors (1024K)
 Metaspace       used 31308K, capacity 32241K, committed 32432K, reserved 1077248K
  class space    used 3973K, capacity 4326K, committed 4352K, reserved 1048576K
}
Event: 3.936 GC heap after
{Heap after GC invocations=14 (full 0):
 garbage-first heap   total 58368K, used 22556K [0x0000000091800000, 0x0000000100000000)
  region size 1024K, 1 young (1024K), 1 survivors (1024K)
 Metaspace       used 31308K, capacity 32241K, committed 32432K, reserved 1077248K
  class space    used 3973K, capacity 4326K, committed 4352K, reserved 1048576K
}
Event: 4.464 GC heap before
{Heap before GC invocations=14 (full 0):
 garbage-first heap   total 58368K, used 47132K [0x0000000091800000, 0x0000000100000000)
  region size 1024K, 25 young (25600K), 1 survivors (1024K)
 Metaspace       used 34729K, capacity 35721K, committed 35888K, reserved 1081344K
  class space    used 4329K, capacity 4674K, committed 4736K, reserved 1048576K
}
Event: 4.468 GC heap after
{Heap after GC invocations=15 (full 0):
 garbage-first heap   total 58368K, used 23656K [0x0000000091800000, 0x0000000100000000)
  region size 1024K, 2 young (2048K), 2 survivors (2048K)
 Metaspace       used 34729K, capacity 35721K, committed 35888K, reserved 1081344K
  class space    used 4329K, capacity 4674K, committed 4736K, reserved 1048576K
}
Event: 4.477 GC heap before
{Heap before GC invocations=15 (full 0):
 garbage-first heap   total 58368K, used 23656K [0x0000000091800000, 0x0000000100000000)
  region size 1024K, 3 young (3072K), 2 survivors (2048K)
 Metaspace       used 34828K, capacity 35787K, committed 35888K, reserved 1081344K
  class space    used 4338K, capacity 4675K, committed 4736K, reserved 1048576K
}
Event: 4.479 GC heap after
{Heap after GC invocations=16 (full 0):
 garbage-first heap   total 58368K, used 23708K [0x0000000091800000, 0x0000000100000000)
  region size 1024K, 2 young (2048K), 2 survivors (2048K)
 Metaspace       used 34828K, capacity 35787K, committed 35888K, reserved 1081344K
  class space    used 4338K, capacity 4675K, committed 4736K, reserved 1048576K
}
Event: 4.945 GC heap before
{Heap before GC invocations=17 (full 0):
 garbage-first heap   total 58368K, used 47260K [0x0000000091800000, 0x0000000100000000)
  region size 1024K, 25 young (25600K), 2 survivors (2048K)
 Metaspace       used 38882K, capacity 39850K, committed 40112K, reserved 1083392K
  class space    used 4925K, capacity 5261K, committed 5376K, reserved 1048576K
}
Event: 4.948 GC heap after
{Heap after GC invocations=18 (full 0):
 garbage-first heap   total 58368K, used 24506K [0x0000000091800000, 0x0000000100000000)
  region size 1024K, 3 young (3072K), 3 survivors (3072K)
 Metaspace       used 38882K, capacity 39850K, committed 40112K, reserved 1083392K
  class space    used 4925K, capacity 5261K, committed 5376K, reserved 1048576K
}
Event: 5.308 GC heap before
{Heap before GC invocations=19 (full 0):
 garbage-first heap   total 58368K, used 49082K [0x0000000091800000, 0x0000000100000000)
  region size 1024K, 26 young (26624K), 3 survivors (3072K)
 Metaspace       used 42015K, capacity 42983K, committed 43184K, reserved 1087488K
  class space    used 5491K, capacity 5814K, committed 5888K, reserved 1048576K
}
Event: 5.311 GC heap after
{Heap after GC invocations=20 (full 0):
 garbage-first heap   total 58368K, used 27210K [0x0000000091800000, 0x0000000100000000)
  region size 1024K, 3 young (3072K), 3 survivors (3072K)
 Metaspace       used 42015K, capacity 42983K, committed 43184K, reserved 1087488K
  class space    used 5491K, capacity 5814K, committed 5888K, reserved 1048576K
}
Event: 5.691 GC heap before
{Heap before GC invocations=20 (full 0):
 garbage-first heap   total 58368K, used 47690K [0x0000000091800000, 0x0000000100000000)
  region size 1024K, 23 young (23552K), 3 survivors (3072K)
 Metaspace       used 45115K, capacity 46126K, committed 46384K, reserved 1089536K
  class space    used 5880K, capacity 6264K, committed 6272K, reserved 1048576K
}
Event: 5.694 GC heap after
{Heap after GC invocations=21 (full 0):
 garbage-first heap   total 58368K, used 27801K [0x0000000091800000, 0x0000000100000000)
  region size 1024K, 3 young (3072K), 3 survivors (3072K)
 Metaspace       used 45115K, capacity 46126K, committed 46384K, reserved 1089536K
  class space    used 5880K, capacity 6264K, committed 6272K, reserved 1048576K
}
Event: 6.000 GC heap before
{Heap before GC invocations=21 (full 0):
 garbage-first heap   total 58368K, used 47257K [0x0000000091800000, 0x0000000100000000)
  region size 1024K, 22 young (22528K), 3 survivors (3072K)
 Metaspace       used 47895K, capacity 48970K, committed 49200K, reserved 1091584K
  class space    used 6362K, capacity 6762K, committed 6784K, reserved 1048576K
}
Event: 6.005 GC heap after
{Heap after GC invocations=22 (full 0):
 garbage-first heap   total 70656K, used 28357K [0x0000000091800000, 0x0000000100000000)
  region size 1024K, 2 young (2048K), 2 survivors (2048K)
 Metaspace       used 47895K, capacity 48970K, committed 49200K, reserved 1091584K
  class space    used 6362K, capacity 6762K, committed 6784K, reserved 1048576K
}
Event: 6.559 GC heap before
{Heap before GC invocations=23 (full 0):
 garbage-first heap   total 70656K, used 60101K [0x0000000091800000, 0x0000000100000000)
  region size 1024K, 33 young (33792K), 2 survivors (2048K)
 Metaspace       used 51889K, capacity 52966K, committed 53168K, reserved 1095680K
  class space    used 6904K, capacity 7346K, committed 7424K, reserved 1048576K
}
Event: 6.563 GC heap after
{Heap after GC invocations=24 (full 0):
 garbage-first heap   total 70656K, used 29572K [0x0000000091800000, 0x0000000100000000)
  region size 1024K, 4 young (4096K), 4 survivors (4096K)
 Metaspace       used 51889K, capacity 52966K, committed 53168K, reserved 1095680K
  class space    used 6904K, capacity 7346K, committed 7424K, reserved 1048576K
}
Event: 7.065 GC heap before
{Heap before GC invocations=24 (full 0):
 garbage-first heap   total 70656K, used 58244K [0x0000000091800000, 0x0000000100000000)
  region size 1024K, 32 young (32768K), 4 survivors (4096K)
 Metaspace       used 54173K, capacity 55428K, committed 55600K, reserved 1097728K
  class space    used 7237K, capacity 7721K, committed 7808K, reserved 1048576K
}
Event: 7.069 GC heap after
{Heap after GC invocations=25 (full 0):
 garbage-first heap   total 70656K, used 31560K [0x0000000091800000, 0x0000000100000000)
  region size 1024K, 4 young (4096K), 4 survivors (4096K)
 Metaspace       used 54173K, capacity 55428K, committed 55600K, reserved 1097728K
  class space    used 7237K, capacity 7721K, committed 7808K, reserved 1048576K
}
Event: 7.544 GC heap before
{Heap before GC invocations=25 (full 0):
 garbage-first heap   total 70656K, used 58184K [0x0000000091800000, 0x0000000100000000)
  region size 1024K, 30 young (30720K), 4 survivors (4096K)
 Metaspace       used 56245K, capacity 57575K, committed 57648K, reserved 1099776K
  class space    used 7510K, capacity 8025K, committed 8064K, reserved 1048576K
}
Event: 7.548 GC heap after
{Heap after GC invocations=26 (full 0):
 garbage-first heap   total 70656K, used 33112K [0x0000000091800000, 0x0000000100000000)
  region size 1024K, 4 young (4096K), 4 survivors (4096K)
 Metaspace       used 56245K, capacity 57575K, committed 57648K, reserved 1099776K
  class space    used 7510K, capacity 8025K, committed 8064K, reserved 1048576K
}

