# JRE version: Java(TM) SE Runtime Environment (14.0+36) (build 14+36-1461)
# Java VM: Java HotSpot(TM) 64-Bit Server VM (14+36-1461, mixed mode, sharing, tiered, compressed oops, g1 gc, windows-amd64)
Heap:
 garbage-first heap   total 73728K, used 41738K [0x0000000091800000, 0x0000000100000000)
  region size 1024K, 13 young (13312K), 3 survivors (3072K)
 Metaspace       used 55570K, capacity 56805K, committed 57136K, reserved 1097728K
  class space    used 7452K, capacity 7944K, committed 8064K, reserved 1048576K
GC Heap History (20 events):
Event: 4.141 GC heap before
{Heap before GC invocations=12 (full 0):
 garbage-first heap   total 61440K, used 46427K [0x0000000091800000, 0x0000000100000000)
  region size 1024K, 25 young (25600K), 1 survivors (1024K)
 Metaspace       used 31340K, capacity 32306K, committed 32432K, reserved 1077248K
  class space    used 3973K, capacity 4326K, committed 4352K, reserved 1048576K
}
Event: 4.143 GC heap after
{Heap after GC invocations=13 (full 0):
 garbage-first heap   total 61440K, used 22933K [0x0000000091800000, 0x0000000100000000)
  region size 1024K, 1 young (1024K), 1 survivors (1024K)
 Metaspace       used 31340K, capacity 32306K, committed 32432K, reserved 1077248K
  class space    used 3973K, capacity 4326K, committed 4352K, reserved 1048576K
}
Event: 4.513 GC heap before
{Heap before GC invocations=13 (full 0):
 garbage-first heap   total 61440K, used 47509K [0x0000000091800000, 0x0000000100000000)
  region size 1024K, 26 young (26624K), 1 survivors (1024K)
 Metaspace       used 32710K, capacity 33668K, committed 33840K, reserved 1079296K
  class space    used 4130K, capacity 4480K, committed 4480K, reserved 1048576K
}
Event: 4.515 GC heap after
{Heap after GC invocations=14 (full 0):
 garbage-first heap   total 61440K, used 23524K [0x0000000091800000, 0x0000000100000000)
  region size 1024K, 2 young (2048K), 2 survivors (2048K)
 Metaspace       used 32710K, capacity 33668K, committed 33840K, reserved 1079296K
  class space    used 4130K, capacity 4480K, committed 4480K, reserved 1048576K
}
Event: 4.704 GC heap before
{Heap before GC invocations=14 (full 0):
 garbage-first heap   total 61440K, used 30692K [0x0000000091800000, 0x0000000100000000)
  region size 1024K, 10 young (10240K), 2 survivors (2048K)
 Metaspace       used 34843K, capacity 35788K, committed 35888K, reserved 1081344K
  class space    used 4336K, capacity 4675K, committed 4736K, reserved 1048576K
}
Event: 4.706 GC heap after
{Heap after GC invocations=15 (full 0):
 garbage-first heap   total 61440K, used 23957K [0x0000000091800000, 0x0000000100000000)
  region size 1024K, 2 young (2048K), 2 survivors (2048K)
 Metaspace       used 34843K, capacity 35788K, committed 35888K, reserved 1081344K
  class space    used 4336K, capacity 4675K, committed 4736K, reserved 1048576K
}
Event: 5.265 GC heap before
{Heap before GC invocations=16 (full 0):
 garbage-first heap   total 61440K, used 50581K [0x0000000091800000, 0x0000000100000000)
  region size 1024K, 27 young (27648K), 2 survivors (2048K)
 Metaspace       used 39225K, capacity 40172K, committed 40368K, reserved 1085440K
  class space    used 4991K, capacity 5325K, committed 5376K, reserved 1048576K
}
Event: 5.268 GC heap after
{Heap after GC invocations=17 (full 0):
 garbage-first heap   total 61440K, used 26808K [0x0000000091800000, 0x0000000100000000)
  region size 1024K, 3 young (3072K), 3 survivors (3072K)
 Metaspace       used 39225K, capacity 40172K, committed 40368K, reserved 1085440K
  class space    used 4991K, capacity 5325K, committed 5376K, reserved 1048576K
}
Event: 5.660 GC heap before
{Heap before GC invocations=17 (full 0):
 garbage-first heap   total 61440K, used 49336K [0x0000000091800000, 0x0000000100000000)
  region size 1024K, 25 young (25600K), 3 survivors (3072K)
 Metaspace       used 42718K, capacity 43722K, committed 44080K, reserved 1087488K
  class space    used 5546K, capacity 5910K, committed 6016K, reserved 1048576K
}
Event: 5.663 GC heap after
{Heap after GC invocations=18 (full 0):
 garbage-first heap   total 61440K, used 27628K [0x0000000091800000, 0x0000000100000000)
  region size 1024K, 3 young (3072K), 3 survivors (3072K)
 Metaspace       used 42718K, capacity 43722K, committed 44080K, reserved 1087488K
  class space    used 5546K, capacity 5910K, committed 6016K, reserved 1048576K
}
Event: 5.984 GC heap before
{Heap before GC invocations=18 (full 0):
 garbage-first heap   total 61440K, used 50156K [0x0000000091800000, 0x0000000100000000)
  region size 1024K, 25 young (25600K), 3 survivors (3072K)
 Metaspace       used 45815K, capacity 46813K, committed 47024K, reserved 1089536K
  class space    used 5963K, capacity 6363K, committed 6400K, reserved 1048576K
}
Event: 5.988 GC heap after
{Heap after GC invocations=19 (full 0):
 garbage-first heap   total 61440K, used 28342K [0x0000000091800000, 0x0000000100000000)
  region size 1024K, 3 young (3072K), 3 survivors (3072K)
 Metaspace       used 45815K, capacity 46813K, committed 47024K, reserved 1089536K
  class space    used 5963K, capacity 6363K, committed 6400K, reserved 1048576K
}
Event: 6.356 GC heap before
{Heap before GC invocations=19 (full 0):
 garbage-first heap   total 61440K, used 50870K [0x0000000091800000, 0x0000000100000000)
  region size 1024K, 25 young (25600K), 3 survivors (3072K)
 Metaspace       used 49429K, capacity 50433K, committed 50736K, reserved 1093632K
  class space    used 6603K, capacity 6992K, committed 7040K, reserved 1048576K
}
Event: 6.359 GC heap after
{Heap after GC invocations=20 (full 0):
 garbage-first heap   total 61440K, used 28861K [0x0000000091800000, 0x0000000100000000)
  region size 1024K, 3 young (3072K), 3 survivors (3072K)
 Metaspace       used 49429K, capacity 50433K, committed 50736K, reserved 1093632K
  class space    used 6603K, capacity 6992K, committed 7040K, reserved 1048576K
}
Event: 6.723 GC heap before
{Heap before GC invocations=20 (full 0):
 garbage-first heap   total 61440K, used 49341K [0x0000000091800000, 0x0000000100000000)
  region size 1024K, 23 young (23552K), 3 survivors (3072K)
 Metaspace       used 51860K, capacity 52943K, committed 53168K, reserved 1095680K
  class space    used 6901K, capacity 7341K, committed 7424K, reserved 1048576K
}
Event: 6.727 GC heap after
{Heap after GC invocations=21 (full 0):
 garbage-first heap   total 61440K, used 29929K [0x0000000091800000, 0x0000000100000000)
  region size 1024K, 3 young (3072K), 3 survivors (3072K)
 Metaspace       used 51860K, capacity 52943K, committed 53168K, reserved 1095680K
  class space    used 6901K, capacity 7341K, committed 7424K, reserved 1048576K
}
Event: 7.134 GC heap before
{Heap before GC invocations=22 (full 0):
 garbage-first heap   total 61440K, used 50409K [0x0000000091800000, 0x0000000100000000)
  region size 1024K, 23 young (23552K), 3 survivors (3072K)
 Metaspace       used 53640K, capacity 54873K, committed 54960K, reserved 1097728K
  class space    used 7178K, capacity 7667K, committed 7680K, reserved 1048576K
}
Event: 7.138 GC heap after
{Heap after GC invocations=23 (full 0):
 garbage-first heap   total 61440K, used 31140K [0x0000000091800000, 0x0000000100000000)
  region size 1024K, 3 young (3072K), 3 survivors (3072K)
 Metaspace       used 53640K, capacity 54873K, committed 54960K, reserved 1097728K
  class space    used 7178K, capacity 7667K, committed 7680K, reserved 1048576K
}
Event: 7.433 GC heap before
{Heap before GC invocations=23 (full 0):
 garbage-first heap   total 61440K, used 49572K [0x0000000091800000, 0x0000000100000000)
  region size 1024K, 21 young (21504K), 3 survivors (3072K)
 Metaspace       used 54980K, capacity 56266K, committed 56496K, reserved 1097728K
  class space    used 7354K, capacity 7871K, committed 7936K, reserved 1048576K
}
Event: 7.436 GC heap after
{Heap after GC invocations=24 (full 0):
 garbage-first heap   total 73728K, used 32522K [0x0000000091800000, 0x0000000100000000)
  region size 1024K, 3 young (3072K), 3 survivors (3072K)
 Metaspace       used 54980K, capacity 56266K, committed 56496K, reserved 1097728K
  class space    used 7354K, capacity 7871K, committed 7936K, reserved 1048576K
}

