# JRE version: Java(TM) SE Runtime Environment (14.0+36) (build 14+36-1461)
# Java VM: Java HotSpot(TM) 64-Bit Server VM (14+36-1461, mixed mode, sharing, tiered, compressed oops, g1 gc, windows-amd64)
Heap:
 garbage-first heap   total 84992K, used 33627K [0x0000000091800000, 0x0000000100000000)
  region size 1024K, 4 young (4096K), 4 survivors (4096K)
 Metaspace       used 56312K, capacity 57616K, committed 57724K, reserved 1099776K
  class space    used 7513K, capacity 8020K, committed 8112K, reserved 1048576K
GC Heap History (20 events):
Event: 3.881 GC heap after
{Heap after GC invocations=12 (full 0):
 garbage-first heap   total 58368K, used 22687K [0x0000000091800000, 0x0000000100000000)
  region size 1024K, 1 young (1024K), 1 survivors (1024K)
 Metaspace       used 30903K, capacity 31881K, committed 32048K, reserved 1077248K
  class space    used 3936K, capacity 4291K, committed 4400K, reserved 1048576K
}
Event: 3.947 GC heap before
{Heap before GC invocations=12 (full 0):
 garbage-first heap   total 58368K, used 44191K [0x0000000091800000, 0x0000000100000000)
  region size 1024K, 23 young (23552K), 1 survivors (1024K)
 Metaspace       used 31330K, capacity 32306K, committed 32560K, reserved 1077248K
  class space    used 3974K, capacity 4326K, committed 4400K, reserved 1048576K
}
Event: 3.949 GC heap after
{Heap after GC invocations=13 (full 0):
 garbage-first heap   total 58368K, used 23134K [0x0000000091800000, 0x0000000100000000)
  region size 1024K, 1 young (1024K), 1 survivors (1024K)
 Metaspace       used 31330K, capacity 32306K, committed 32560K, reserved 1077248K
  class space    used 3974K, capacity 4326K, committed 4400K, reserved 1048576K
}
Event: 4.070 GC heap before
{Heap before GC invocations=13 (full 0):
 garbage-first heap   total 58368K, used 45662K [0x0000000091800000, 0x0000000100000000)
  region size 1024K, 24 young (24576K), 1 survivors (1024K)
 Metaspace       used 31698K, capacity 32670K, committed 32816K, reserved 1077248K
  class space    used 4009K, capacity 4362K, committed 4400K, reserved 1048576K
}
Event: 4.071 GC heap after
{Heap after GC invocations=14 (full 0):
 garbage-first heap   total 58368K, used 23183K [0x0000000091800000, 0x0000000100000000)
  region size 1024K, 2 young (2048K), 2 survivors (2048K)
 Metaspace       used 31698K, capacity 32670K, committed 32816K, reserved 1077248K
  class space    used 4009K, capacity 4362K, committed 4400K, reserved 1048576K
}
Event: 4.436 GC heap before
{Heap before GC invocations=14 (full 0):
 garbage-first heap   total 58368K, used 38543K [0x0000000091800000, 0x0000000100000000)
  region size 1024K, 18 young (18432K), 2 survivors (2048K)
 Metaspace       used 34517K, capacity 35499K, committed 35708K, reserved 1081344K
  class space    used 4300K, capacity 4642K, committed 4784K, reserved 1048576K
}
Event: 4.440 GC heap after
{Heap after GC invocations=15 (full 0):
 garbage-first heap   total 58368K, used 24113K [0x0000000091800000, 0x0000000100000000)
  region size 1024K, 2 young (2048K), 2 survivors (2048K)
 Metaspace       used 34517K, capacity 35499K, committed 35708K, reserved 1081344K
  class space    used 4300K, capacity 4642K, committed 4784K, reserved 1048576K
}
Event: 4.883 GC heap before
{Heap before GC invocations=16 (full 0):
 garbage-first heap   total 58368K, used 46641K [0x0000000091800000, 0x0000000100000000)
  region size 1024K, 24 young (24576K), 2 survivors (2048K)
 Metaspace       used 38443K, capacity 39403K, committed 39548K, reserved 1083392K
  class space    used 4844K, capacity 5196K, committed 5296K, reserved 1048576K
}
Event: 4.886 GC heap after
{Heap after GC invocations=17 (full 0):
 garbage-first heap   total 58368K, used 24879K [0x0000000091800000, 0x0000000100000000)
  region size 1024K, 3 young (3072K), 3 survivors (3072K)
 Metaspace       used 38443K, capacity 39403K, committed 39548K, reserved 1083392K
  class space    used 4844K, capacity 5196K, committed 5296K, reserved 1048576K
}
Event: 5.254 GC heap before
{Heap before GC invocations=17 (full 0):
 garbage-first heap   total 58368K, used 48431K [0x0000000091800000, 0x0000000100000000)
  region size 1024K, 24 young (24576K), 3 survivors (3072K)
 Metaspace       used 41533K, capacity 42467K, committed 42620K, reserved 1085440K
  class space    used 5418K, capacity 5747K, committed 5808K, reserved 1048576K
}
Event: 5.257 GC heap after
{Heap after GC invocations=18 (full 0):
 garbage-first heap   total 58368K, used 27575K [0x0000000091800000, 0x0000000100000000)
  region size 1024K, 2 young (2048K), 2 survivors (2048K)
 Metaspace       used 41533K, capacity 42467K, committed 42620K, reserved 1085440K
  class space    used 5418K, capacity 5747K, committed 5808K, reserved 1048576K
}
Event: 5.553 GC heap before
{Heap before GC invocations=18 (full 0):
 garbage-first heap   total 58368K, used 48055K [0x0000000091800000, 0x0000000100000000)
  region size 1024K, 22 young (22528K), 2 survivors (2048K)
 Metaspace       used 44636K, capacity 45617K, committed 45948K, reserved 1089536K
  class space    used 5814K, capacity 6200K, committed 6320K, reserved 1048576K
}
Event: 5.556 GC heap after
{Heap after GC invocations=19 (full 0):
 garbage-first heap   total 70656K, used 28119K [0x0000000091800000, 0x0000000100000000)
  region size 1024K, 2 young (2048K), 2 survivors (2048K)
 Metaspace       used 44636K, capacity 45617K, committed 45948K, reserved 1089536K
  class space    used 5814K, capacity 6200K, committed 6320K, reserved 1048576K
}
Event: 5.989 GC heap before
{Heap before GC invocations=20 (full 0):
 garbage-first heap   total 70656K, used 58839K [0x0000000091800000, 0x0000000100000000)
  region size 1024K, 32 young (32768K), 2 survivors (2048K)
 Metaspace       used 49034K, capacity 50050K, committed 50172K, reserved 1093632K
  class space    used 6548K, capacity 6928K, committed 6960K, reserved 1048576K
}
Event: 5.992 GC heap after
{Heap after GC invocations=21 (full 0):
 garbage-first heap   total 70656K, used 28848K [0x0000000091800000, 0x0000000100000000)
  region size 1024K, 3 young (3072K), 3 survivors (3072K)
 Metaspace       used 49034K, capacity 50050K, committed 50172K, reserved 1093632K
  class space    used 6548K, capacity 6928K, committed 6960K, reserved 1048576K
}
Event: 6.473 GC heap before
{Heap before GC invocations=21 (full 0):
 garbage-first heap   total 70656K, used 58544K [0x0000000091800000, 0x0000000100000000)
  region size 1024K, 32 young (32768K), 3 survivors (3072K)
 Metaspace       used 52460K, capacity 53645K, committed 53756K, reserved 1095680K
  class space    used 6991K, capacity 7470K, committed 7472K, reserved 1048576K
}
Event: 6.480 GC heap after
{Heap after GC invocations=22 (full 0):
 garbage-first heap   total 70656K, used 30262K [0x0000000091800000, 0x0000000100000000)
  region size 1024K, 4 young (4096K), 4 survivors (4096K)
 Metaspace       used 52460K, capacity 53645K, committed 53756K, reserved 1095680K
  class space    used 6991K, capacity 7470K, committed 7472K, reserved 1048576K
}
Event: 6.971 GC heap before
{Heap before GC invocations=22 (full 0):
 garbage-first heap   total 70656K, used 57910K [0x0000000091800000, 0x0000000100000000)
  region size 1024K, 31 young (31744K), 4 survivors (4096K)
 Metaspace       used 54453K, capacity 55723K, committed 55932K, reserved 1097728K
  class space    used 7270K, capacity 7780K, committed 7856K, reserved 1048576K
}
Event: 6.975 GC heap after
{Heap after GC invocations=23 (full 0):
 garbage-first heap   total 70656K, used 31975K [0x0000000091800000, 0x0000000100000000)
  region size 1024K, 4 young (4096K), 4 survivors (4096K)
 Metaspace       used 54453K, capacity 55723K, committed 55932K, reserved 1097728K
  class space    used 7270K, capacity 7780K, committed 7856K, reserved 1048576K
}
Event: 7.403 GC heap before
{Heap before GC invocations=23 (full 0):
 garbage-first heap   total 70656K, used 58599K [0x0000000091800000, 0x0000000100000000)
  region size 1024K, 30 young (30720K), 4 survivors (4096K)
 Metaspace       used 56312K, capacity 57616K, committed 57724K, reserved 1099776K
  class space    used 7513K, capacity 8020K, committed 8112K, reserved 1048576K
}

