# JRE version: Java(TM) SE Runtime Environment (14.0+36) (build 14+36-1461)
# Java VM: Java HotSpot(TM) 64-Bit Server VM (14+36-1461, mixed mode, sharing, tiered, compressed oops, g1 gc, windows-amd64)
Heap:
 garbage-first heap   total 70656K, used 53345K [0x0000000091800000, 0x0000000100000000)
  region size 1024K, 26 young (26624K), 4 survivors (4096K)
 Metaspace       used 55825K, capacity 57118K, committed 57392K, reserved 1099776K
  class space    used 7465K, capacity 7982K, committed 8064K, reserved 1048576K
GC Heap History (20 events):
Event: 3.772 GC heap before
{Heap before GC invocations=11 (full 0):
 garbage-first heap   total 58368K, used 42530K [0x0000000091800000, 0x0000000100000000)
  region size 1024K, 22 young (22528K), 1 survivors (1024K)
 Metaspace       used 30520K, capacity 31413K, committed 31664K, reserved 1077248K
  class space    used 3901K, capacity 4225K, committed 4352K, reserved 1048576K
}
Event: 3.773 GC heap after
{Heap after GC invocations=12 (full 0):
 garbage-first heap   total 58368K, used 22205K [0x0000000091800000, 0x0000000100000000)
  region size 1024K, 1 young (1024K), 1 survivors (1024K)
 Metaspace       used 30520K, capacity 31413K, committed 31664K, reserved 1077248K
  class space    used 3901K, capacity 4225K, committed 4352K, reserved 1048576K
}
Event: 3.885 GC heap before
{Heap before GC invocations=12 (full 0):
 garbage-first heap   total 58368K, used 43709K [0x0000000091800000, 0x0000000100000000)
  region size 1024K, 23 young (23552K), 1 survivors (1024K)
 Metaspace       used 31311K, capacity 32298K, committed 32432K, reserved 1077248K
  class space    used 3974K, capacity 4326K, committed 4352K, reserved 1048576K
}
Event: 3.886 GC heap after
{Heap after GC invocations=13 (full 0):
 garbage-first heap   total 58368K, used 22916K [0x0000000091800000, 0x0000000100000000)
  region size 1024K, 1 young (1024K), 1 survivors (1024K)
 Metaspace       used 31311K, capacity 32298K, committed 32432K, reserved 1077248K
  class space    used 3974K, capacity 4326K, committed 4352K, reserved 1048576K
}
Event: 3.943 GC heap before
{Heap before GC invocations=13 (full 0):
 garbage-first heap   total 58368K, used 45444K [0x0000000091800000, 0x0000000100000000)
  region size 1024K, 24 young (24576K), 1 survivors (1024K)
 Metaspace       used 31528K, capacity 32432K, committed 32688K, reserved 1077248K
  class space    used 3994K, capacity 4328K, committed 4352K, reserved 1048576K
}
Event: 3.944 GC heap after
{Heap after GC invocations=14 (full 0):
 garbage-first heap   total 58368K, used 22940K [0x0000000091800000, 0x0000000100000000)
  region size 1024K, 2 young (2048K), 2 survivors (2048K)
 Metaspace       used 31528K, capacity 32432K, committed 32688K, reserved 1077248K
  class space    used 3994K, capacity 4328K, committed 4352K, reserved 1048576K
}
Event: 4.400 GC heap before
{Heap before GC invocations=14 (full 0):
 garbage-first heap   total 58368K, used 41372K [0x0000000091800000, 0x0000000100000000)
  region size 1024K, 22 young (22528K), 2 survivors (2048K)
 Metaspace       used 34806K, capacity 35780K, committed 35888K, reserved 1081344K
  class space    used 4337K, capacity 4675K, committed 4736K, reserved 1048576K
}
Event: 4.403 GC heap after
{Heap after GC invocations=15 (full 0):
 garbage-first heap   total 58368K, used 23927K [0x0000000091800000, 0x0000000100000000)
  region size 1024K, 2 young (2048K), 2 survivors (2048K)
 Metaspace       used 34806K, capacity 35780K, committed 35888K, reserved 1081344K
  class space    used 4337K, capacity 4675K, committed 4736K, reserved 1048576K
}
Event: 4.883 GC heap before
{Heap before GC invocations=16 (full 0):
 garbage-first heap   total 58368K, used 46455K [0x0000000091800000, 0x0000000100000000)
  region size 1024K, 25 young (25600K), 2 survivors (2048K)
 Metaspace       used 38980K, capacity 39939K, committed 40112K, reserved 1083392K
  class space    used 4945K, capacity 5293K, committed 5376K, reserved 1048576K
}
Event: 4.887 GC heap after
{Heap after GC invocations=17 (full 0):
 garbage-first heap   total 58368K, used 24685K [0x0000000091800000, 0x0000000100000000)
  region size 1024K, 3 young (3072K), 3 survivors (3072K)
 Metaspace       used 38980K, capacity 39939K, committed 40112K, reserved 1083392K
  class space    used 4945K, capacity 5293K, committed 5376K, reserved 1048576K
}
Event: 5.303 GC heap before
{Heap before GC invocations=18 (full 0):
 garbage-first heap   total 58368K, used 49261K [0x0000000091800000, 0x0000000100000000)
  region size 1024K, 25 young (25600K), 3 survivors (3072K)
 Metaspace       used 42169K, capacity 43168K, committed 43184K, reserved 1087488K
  class space    used 5512K, capacity 5878K, committed 5888K, reserved 1048576K
}
Event: 5.308 GC heap after
{Heap after GC invocations=19 (full 0):
 garbage-first heap   total 58368K, used 27500K [0x0000000091800000, 0x0000000100000000)
  region size 1024K, 3 young (3072K), 3 survivors (3072K)
 Metaspace       used 42169K, capacity 43168K, committed 43184K, reserved 1087488K
  class space    used 5512K, capacity 5878K, committed 5888K, reserved 1048576K
}
Event: 5.650 GC heap before
{Heap before GC invocations=19 (full 0):
 garbage-first heap   total 58368K, used 47980K [0x0000000091800000, 0x0000000100000000)
  region size 1024K, 23 young (23552K), 3 survivors (3072K)
 Metaspace       used 45287K, capacity 46343K, committed 46512K, reserved 1089536K
  class space    used 5900K, capacity 6296K, committed 6400K, reserved 1048576K
}
Event: 5.653 GC heap after
{Heap after GC invocations=20 (full 0):
 garbage-first heap   total 58368K, used 28002K [0x0000000091800000, 0x0000000100000000)
  region size 1024K, 3 young (3072K), 3 survivors (3072K)
 Metaspace       used 45287K, capacity 46343K, committed 46512K, reserved 1089536K
  class space    used 5900K, capacity 6296K, committed 6400K, reserved 1048576K
}
Event: 5.949 GC heap before
{Heap before GC invocations=20 (full 0):
 garbage-first heap   total 58368K, used 47458K [0x0000000091800000, 0x0000000100000000)
  region size 1024K, 22 young (22528K), 3 survivors (3072K)
 Metaspace       used 48305K, capacity 49380K, committed 49584K, reserved 1091584K
  class space    used 6422K, capacity 6833K, committed 6912K, reserved 1048576K
}
Event: 5.954 GC heap after
{Heap after GC invocations=21 (full 0):
 garbage-first heap   total 70656K, used 28717K [0x0000000091800000, 0x0000000100000000)
  region size 1024K, 2 young (2048K), 2 survivors (2048K)
 Metaspace       used 48305K, capacity 49380K, committed 49584K, reserved 1091584K
  class space    used 6422K, capacity 6833K, committed 6912K, reserved 1048576K
}
Event: 6.478 GC heap before
{Heap before GC invocations=22 (full 0):
 garbage-first heap   total 70656K, used 58413K [0x0000000091800000, 0x0000000100000000)
  region size 1024K, 31 young (31744K), 2 survivors (2048K)
 Metaspace       used 52046K, capacity 53183K, committed 53424K, reserved 1095680K
  class space    used 6922K, capacity 7378K, committed 7424K, reserved 1048576K
}
Event: 6.482 GC heap after
{Heap after GC invocations=23 (full 0):
 garbage-first heap   total 70656K, used 29976K [0x0000000091800000, 0x0000000100000000)
  region size 1024K, 4 young (4096K), 4 survivors (4096K)
 Metaspace       used 52046K, capacity 53183K, committed 53424K, reserved 1095680K
  class space    used 6922K, capacity 7378K, committed 7424K, reserved 1048576K
}
Event: 6.951 GC heap before
{Heap before GC invocations=23 (full 0):
 garbage-first heap   total 70656K, used 57624K [0x0000000091800000, 0x0000000100000000)
  region size 1024K, 31 young (31744K), 4 survivors (4096K)
 Metaspace       used 54249K, capacity 55514K, committed 55600K, reserved 1097728K
  class space    used 7247K, capacity 7752K, committed 7808K, reserved 1048576K
}
Event: 6.956 GC heap after
{Heap after GC invocations=24 (full 0):
 garbage-first heap   total 70656K, used 31841K [0x0000000091800000, 0x0000000100000000)
  region size 1024K, 4 young (4096K), 4 survivors (4096K)
 Metaspace       used 54249K, capacity 55514K, committed 55600K, reserved 1097728K
  class space    used 7247K, capacity 7752K, committed 7808K, reserved 1048576K
}

