# JRE version: Java(TM) SE Runtime Environment (14.0+36) (build 14+36-1461)
# Java VM: Java HotSpot(TM) 64-Bit Server VM (14+36-1461, mixed mode, sharing, tiered, compressed oops, g1 gc, windows-amd64)
Heap:
 garbage-first heap   total 147456K, used 91030K [0x0000000091800000, 0x0000000100000000)
  region size 1024K, 71 young (72704K), 4 survivors (4096K)
 Metaspace       used 17023K, capacity 17986K, committed 18048K, reserved 1064960K
  class space    used 1932K, capacity 2175K, committed 2176K, reserved 1048576K
GC Heap History (10 events):
Event: 0.567 GC heap before
{Heap before GC invocations=0 (full 0):
 garbage-first heap   total 114688K, used 22528K [0x0000000091800000, 0x0000000100000000)
  region size 1024K, 23 young (23552K), 0 survivors (0K)
 Metaspace       used 4844K, capacity 7525K, committed 7552K, reserved 1056768K
  class space    used 611K, capacity 894K, committed 896K, reserved 1048576K
}
Event: 0.575 GC heap after
{Heap after GC invocations=1 (full 0):
 garbage-first heap   total 114688K, used 3353K [0x0000000091800000, 0x0000000100000000)
  region size 1024K, 3 young (3072K), 3 survivors (3072K)
 Metaspace       used 4844K, capacity 7525K, committed 7552K, reserved 1056768K
  class space    used 611K, capacity 894K, committed 896K, reserved 1048576K
}
Event: 1.162 GC heap before
{Heap before GC invocations=1 (full 0):
 garbage-first heap   total 114688K, used 34073K [0x0000000091800000, 0x0000000100000000)
  region size 1024K, 33 young (33792K), 3 survivors (3072K)
 Metaspace       used 10404K, capacity 12425K, committed 12672K, reserved 1060864K
  class space    used 1316K, capacity 1558K, committed 1664K, reserved 1048576K
}
Event: 1.175 GC heap after
{Heap after GC invocations=2 (full 0):
 garbage-first heap   total 114688K, used 5516K [0x0000000091800000, 0x0000000100000000)
  region size 1024K, 3 young (3072K), 3 survivors (3072K)
 Metaspace       used 10404K, capacity 12425K, committed 12672K, reserved 1060864K
  class space    used 1316K, capacity 1558K, committed 1664K, reserved 1048576K
}
Event: 2.046 GC heap before
{Heap before GC invocations=2 (full 0):
 garbage-first heap   total 114688K, used 71052K [0x0000000091800000, 0x0000000100000000)
  region size 1024K, 67 young (68608K), 3 survivors (3072K)
 Metaspace       used 12907K, capacity 14363K, committed 14592K, reserved 1062912K
  class space    used 1520K, capacity 1730K, committed 1792K, reserved 1048576K
}
Event: 2.063 GC heap after
{Heap after GC invocations=3 (full 0):
 garbage-first heap   total 114688K, used 13305K [0x0000000091800000, 0x0000000100000000)
  region size 1024K, 9 young (9216K), 9 survivors (9216K)
 Metaspace       used 12907K, capacity 14363K, committed 14592K, reserved 1062912K
  class space    used 1520K, capacity 1730K, committed 1792K, reserved 1048576K
}
Event: 2.616 GC heap before
{Heap before GC invocations=3 (full 0):
 garbage-first heap   total 114688K, used 72697K [0x0000000091800000, 0x0000000100000000)
  region size 1024K, 67 young (68608K), 9 survivors (9216K)
 Metaspace       used 13285K, capacity 14706K, committed 14848K, reserved 1062912K
  class space    used 1528K, capacity 1737K, committed 1792K, reserved 1048576K
}
Event: 2.634 GC heap after
{Heap after GC invocations=4 (full 0):
 garbage-first heap   total 114688K, used 19320K [0x0000000091800000, 0x0000000100000000)
  region size 1024K, 6 young (6144K), 6 survivors (6144K)
 Metaspace       used 13285K, capacity 14706K, committed 14848K, reserved 1062912K
  class space    used 1528K, capacity 1737K, committed 1792K, reserved 1048576K
}
Event: 3.642 GC heap before
{Heap before GC invocations=4 (full 0):
 garbage-first heap   total 114688K, used 78712K [0x0000000091800000, 0x0000000100000000)
  region size 1024K, 64 young (65536K), 6 survivors (6144K)
 Metaspace       used 14655K, capacity 15886K, committed 16000K, reserved 1062912K
  class space    used 1646K, capacity 1874K, committed 1920K, reserved 1048576K
}
Event: 3.651 GC heap after
{Heap after GC invocations=5 (full 0):
 garbage-first heap   total 147456K, used 23446K [0x0000000091800000, 0x0000000100000000)
  region size 1024K, 4 young (4096K), 4 survivors (4096K)
 Metaspace       used 14655K, capacity 15886K, committed 16000K, reserved 1062912K
  class space    used 1646K, capacity 1874K, committed 1920K, reserved 1048576K
}

