# JRE version: Java(TM) SE Runtime Environment (14.0+36) (build 14+36-1461)
# Java VM: Java HotSpot(TM) 64-Bit Server VM (14+36-1461, mixed mode, sharing, tiered, compressed oops, g1 gc, windows-amd64)
Heap:
 garbage-first heap   total 138240K, used 13132K [0x0000000091800000, 0x0000000100000000)
  region size 1024K, 3 young (3072K), 3 survivors (3072K)
 Metaspace       used 20524K, capacity 21091K, committed 21296K, reserved 1067008K
  class space    used 2606K, capacity 2849K, committed 2944K, reserved 1048576K
GC Heap History (9 events):
Event: 0.637 GC heap before
{Heap before GC invocations=0 (full 0):
 garbage-first heap   total 114688K, used 23552K [0x0000000091800000, 0x0000000100000000)
  region size 1024K, 23 young (23552K), 0 survivors (0K)
 Metaspace       used 3937K, capacity 6142K, committed 6400K, reserved 1056768K
  class space    used 434K, capacity 646K, committed 768K, reserved 1048576K
}
Event: 0.645 GC heap after
{Heap after GC invocations=1 (full 0):
 garbage-first heap   total 114688K, used 7600K [0x0000000091800000, 0x0000000100000000)
  region size 1024K, 3 young (3072K), 3 survivors (3072K)
 Metaspace       used 3937K, capacity 6142K, committed 6400K, reserved 1056768K
  class space    used 434K, capacity 646K, committed 768K, reserved 1048576K
}
Event: 0.657 GC heap before
{Heap before GC invocations=1 (full 0):
 garbage-first heap   total 114688K, used 33200K [0x0000000091800000, 0x0000000100000000)
  region size 1024K, 29 young (29696K), 3 survivors (3072K)
 Metaspace       used 3937K, capacity 6142K, committed 6400K, reserved 1056768K
  class space    used 434K, capacity 646K, committed 768K, reserved 1048576K
}
Event: 0.660 GC heap after
{Heap after GC invocations=2 (full 0):
 garbage-first heap   total 114688K, used 7666K [0x0000000091800000, 0x0000000100000000)
  region size 1024K, 1 young (1024K), 1 survivors (1024K)
 Metaspace       used 3937K, capacity 6142K, committed 6400K, reserved 1056768K
  class space    used 434K, capacity 646K, committed 768K, reserved 1048576K
}
Event: 1.420 GC heap before
{Heap before GC invocations=2 (full 0):
 garbage-first heap   total 114688K, used 74226K [0x0000000091800000, 0x0000000100000000)
  region size 1024K, 67 young (68608K), 1 survivors (1024K)
 Metaspace       used 15536K, capacity 15869K, committed 16000K, reserved 1062912K
  class space    used 1989K, capacity 2132K, committed 2176K, reserved 1048576K
}
Event: 1.425 GC heap after
{Heap after GC invocations=3 (full 0):
 garbage-first heap   total 114688K, used 10327K [0x0000000091800000, 0x0000000100000000)
  region size 1024K, 3 young (3072K), 3 survivors (3072K)
 Metaspace       used 15536K, capacity 15869K, committed 16000K, reserved 1062912K
  class space    used 1989K, capacity 2132K, committed 2176K, reserved 1048576K
}
Event: 1.943 GC heap before
{Heap before GC invocations=3 (full 0):
 garbage-first heap   total 114688K, used 74839K [0x0000000091800000, 0x0000000100000000)
  region size 1024K, 67 young (68608K), 3 survivors (3072K)
 Metaspace       used 20408K, capacity 20993K, committed 21120K, reserved 1067008K
  class space    used 2595K, capacity 2817K, committed 2944K, reserved 1048576K
}
Event: 1.949 GC heap after
{Heap after GC invocations=4 (full 0):
 garbage-first heap   total 114688K, used 12687K [0x0000000091800000, 0x0000000100000000)
  region size 1024K, 5 young (5120K), 5 survivors (5120K)
 Metaspace       used 20408K, capacity 20993K, committed 21120K, reserved 1067008K
  class space    used 2595K, capacity 2817K, committed 2944K, reserved 1048576K
}
Event: 1.965 GC heap before
{Heap before GC invocations=4 (full 0):
 garbage-first heap   total 114688K, used 19855K [0x0000000091800000, 0x0000000100000000)
  region size 1024K, 14 young (14336K), 5 survivors (5120K)
 Metaspace       used 20524K, capacity 21091K, committed 21296K, reserved 1067008K
  class space    used 2606K, capacity 2849K, committed 2944K, reserved 1048576K
}

